# JRE version: Java(TM) SE Runtime Environment (8.0_261-b12) (build 1.8.0_261-b12)
# Java VM: Java HotSpot(TM) 64-Bit Server VM (25.261-b12 mixed mode windows-amd64 compressed oops)
Heap:
 PSYoungGen      total 2048K, used 1297K [0x0000000715c00000, 0x0000000715e80000, 0x00000007c0000000)
  eden space 1536K, 53% used [0x0000000715c00000,0x0000000715ccc798,0x0000000715d80000)
  from space 512K, 93% used [0x0000000715d80000,0x0000000715df8010,0x0000000715e00000)
  to   space 512K, 0% used [0x0000000715e00000,0x0000000715e00000,0x0000000715e80000)
 ParOldGen       total 5632K, used 683K [0x00000005c1400000, 0x00000005c1980000, 0x0000000715c00000)
  object space 5632K, 12% used [0x00000005c1400000,0x00000005c14aae18,0x00000005c1980000)
 Metaspace       used 4521K, capacity 5836K, committed 6016K, reserved 1060864K
  class space    used 558K, capacity 584K, committed 640K, reserved 1048576K
GC Heap History (8 events):
Event: 0.092 GC heap before
{Heap before GC invocations=1 (full 0):
 PSYoungGen      total 2048K, used 1518K [0x0000000715c00000, 0x0000000715e80000, 0x00000007c0000000)
  eden space 1536K, 98% used [0x0000000715c00000,0x0000000715d7bbd8,0x0000000715d80000)
  from space 512K, 0% used [0x0000000715e00000,0x0000000715e00000,0x0000000715e80000)
  to   space 512K, 0% used [0x0000000715d80000,0x0000000715d80000,0x0000000715e00000)
 ParOldGen       total 5632K, used 0K [0x00000005c1400000, 0x00000005c1980000, 0x0000000715c00000)
  object space 5632K, 0% used [0x00000005c1400000,0x00000005c1400000,0x00000005c1980000)
 Metaspace       used 3255K, capacity 4812K, committed 5120K, reserved 1056768K
  class space    used 377K, capacity 456K, committed 512K, reserved 1048576K
Event: 0.093 GC heap after
Heap after GC invocations=1 (full 0):
 PSYoungGen      total 2048K, used 496K [0x0000000715c00000, 0x0000000715e80000, 0x00000007c0000000)
  eden space 1536K, 0% used [0x0000000715c00000,0x0000000715c00000,0x0000000715d80000)
  from space 512K, 96% used [0x0000000715d80000,0x0000000715dfc030,0x0000000715e00000)
  to   space 512K, 0% used [0x0000000715e00000,0x0000000715e00000,0x0000000715e80000)
 ParOldGen       total 5632K, used 56K [0x00000005c1400000, 0x00000005c1980000, 0x0000000715c00000)
  object space 5632K, 0% used [0x00000005c1400000,0x00000005c140e010,0x00000005c1980000)
 Metaspace       used 3255K, capacity 4812K, committed 5120K, reserved 1056768K
  class space    used 377K, capacity 456K, committed 512K, reserved 1048576K
}
Event: 0.114 GC heap before
{Heap before GC invocations=2 (full 0):
 PSYoungGen      total 2048K, used 1747K [0x0000000715c00000, 0x0000000715e80000, 0x00000007c0000000)
  eden space 1536K, 81% used [0x0000000715c00000,0x0000000715d38ea8,0x0000000715d80000)
  from space 512K, 96% used [0x0000000715d80000,0x0000000715dfc030,0x0000000715e00000)
  to   space 512K, 0% used [0x0000000715e00000,0x0000000715e00000,0x0000000715e80000)
 ParOldGen       total 5632K, used 56K [0x00000005c1400000, 0x00000005c1980000, 0x0000000715c00000)
  object space 5632K, 0% used [0x00000005c1400000,0x00000005c140e010,0x00000005c1980000)
 Metaspace       used 3827K, capacity 5292K, committed 5376K, reserved 1056768K
  class space    used 453K, capacity 488K, committed 512K, reserved 1048576K
Event: 0.115 GC heap after
Heap after GC invocations=2 (full 0):
 PSYoungGen      total 2048K, used 480K [0x0000000715c00000, 0x0000000715e80000, 0x00000007c0000000)
  eden space 1536K, 0% used [0x0000000715c00000,0x0000000715c00000,0x0000000715d80000)
  from space 512K, 93% used [0x0000000715e00000,0x0000000715e78020,0x0000000715e80000)
  to   space 512K, 0% used [0x0000000715d80000,0x0000000715d80000,0x0000000715e00000)
 ParOldGen       total 5632K, used 148K [0x00000005c1400000, 0x00000005c1980000, 0x0000000715c00000)
  object space 5632K, 2% used [0x00000005c1400000,0x00000005c1425020,0x00000005c1980000)
 Metaspace       used 3827K, capacity 5292K, committed 5376K, reserved 1056768K
  class space    used 453K, capacity 488K, committed 512K, reserved 1048576K
}
Event: 0.115 GC heap before
{Heap before GC invocations=3 (full 1):
 PSYoungGen      total 2048K, used 480K [0x0000000715c00000, 0x0000000715e80000, 0x00000007c0000000)
  eden space 1536K, 0% used [0x0000000715c00000,0x0000000715c00000,0x0000000715d80000)
  from space 512K, 93% used [0x0000000715e00000,0x0000000715e78020,0x0000000715e80000)
  to   space 512K, 0% used [0x0000000715d80000,0x0000000715d80000,0x0000000715e00000)
 ParOldGen       total 5632K, used 148K [0x00000005c1400000, 0x00000005c1980000, 0x0000000715c00000)
  object space 5632K, 2% used [0x00000005c1400000,0x00000005c1425020,0x00000005c1980000)
 Metaspace       used 3827K, capacity 5292K, committed 5376K, reserved 1056768K
  class space    used 453K, capacity 488K, committed 512K, reserved 1048576K
Event: 0.120 GC heap after
Heap after GC invocations=3 (full 1):
 PSYoungGen      total 2048K, used 0K [0x0000000715c00000, 0x0000000715e80000, 0x00000007c0000000)
  eden space 1536K, 0% used [0x0000000715c00000,0x0000000715c00000,0x0000000715d80000)
  from space 512K, 0% used [0x0000000715e00000,0x0000000715e00000,0x0000000715e80000)
  to   space 512K, 0% used [0x0000000715d80000,0x0000000715d80000,0x0000000715e00000)
 ParOldGen       total 5632K, used 483K [0x00000005c1400000, 0x00000005c1980000, 0x0000000715c00000)
  object space 5632K, 8% used [0x00000005c1400000,0x00000005c1478e08,0x00000005c1980000)
 Metaspace       used 3827K, capacity 5292K, committed 5376K, reserved 1056768K
  class space    used 453K, capacity 488K, committed 512K, reserved 1048576K
}
Event: 0.140 GC heap before
{Heap before GC invocations=4 (full 1):
 PSYoungGen      total 2048K, used 1534K [0x0000000715c00000, 0x0000000715e80000, 0x00000007c0000000)
  eden space 1536K, 99% used [0x0000000715c00000,0x0000000715d7fb88,0x0000000715d80000)
  from space 512K, 0% used [0x0000000715e00000,0x0000000715e00000,0x0000000715e80000)
  to   space 512K, 0% used [0x0000000715d80000,0x0000000715d80000,0x0000000715e00000)
 ParOldGen       total 5632K, used 483K [0x00000005c1400000, 0x00000005c1980000, 0x0000000715c00000)
  object space 5632K, 8% used [0x00000005c1400000,0x00000005c1478e08,0x00000005c1980000)
 Metaspace       used 4309K, capacity 5708K, committed 6016K, reserved 1060864K
  class space    used 527K, capacity 584K, committed 640K, reserved 1048576K
Event: 0.140 GC heap after
Heap after GC invocations=4 (full 1):
 PSYoungGen      total 2048K, used 480K [0x0000000715c00000, 0x0000000715e80000, 0x00000007c0000000)
  eden space 1536K, 0% used [0x0000000715c00000,0x0000000715c00000,0x0000000715d80000)
  from space 512K, 93% used [0x0000000715d80000,0x0000000715df8010,0x0000000715e00000)
  to   space 512K, 0% used [0x0000000715e00000,0x0000000715e00000,0x0000000715e80000)
 ParOldGen       total 5632K, used 683K [0x00000005c1400000, 0x00000005c1980000, 0x0000000715c00000)
  object space 5632K, 12% used [0x00000005c1400000,0x00000005c14aae18,0x00000005c1980000)
 Metaspace       used 4309K, capacity 5708K, committed 6016K, reserved 1060864K
  class space    used 527K, capacity 584K, committed 640K, reserved 1048576K
}

